Using pre-set license

 COMMAND LINE ARGUMENTS:
/Applications/2020.3.7f1/Unity.app/Contents/MacOS/Unity
-adb2
-batchMode
-noUpm
-name
AssetImportWorker0
-projectPath
/Users/riteshkumar/Desktop/UNITY PROJECTS/New Unity Project
-logFile
Logs/AssetImportWorker0.log
-srvPort
51709
Successfully changed project path to: /Users/riteshkumar/Desktop/UNITY PROJECTS/New Unity Project
/Users/riteshkumar/Desktop/UNITY PROJECTS/New Unity Project
Using Asset Import Pipeline V2.
Refreshing native plugins compatible for Editor in 31.95 ms, found 2 plugins.
Preloading 0 native plugins for Editor in 0.00 ms.
Initialize engine version: 2020.3.7f1 (dd97f2c94397)
[Subsystems] Discovering subsystems at path /Applications/2020.3.7f1/Unity.app/Contents/Resources/UnitySubsystems
[Subsystems] Discovering subsystems at path /Users/riteshkumar/Desktop/UNITY PROJECTS/New Unity Project/Assets
GfxDevice: creating device client; threaded=0
2021-05-15 01:09:58.147 Unity[1732:64584] (null) preferred device: Apple M1 (high power)
2021-05-15 01:09:58.147 Unity[1732:64584] Metal devices available: 1
2021-05-15 01:09:58.147 Unity[1732:64584] 0: Apple M1 (high power)
2021-05-15 01:09:58.148 Unity[1732:64584] Using device Apple M1 (high power)
Initializing Metal device caps: Apple M1
Initialize mono
Mono path[0] = '/Applications/2020.3.7f1/Unity.app/Contents/Managed'
Mono path[1] = '/Applications/2020.3.7f1/Unity.app/Contents/MonoBleedingEdge/lib/mono/unityjit'
Mono config path = '/Applications/2020.3.7f1/Unity.app/Contents/MonoBleedingEdge/etc'
Using monoOptions --debugger-agent=transport=dt_socket,embedding=1,server=y,suspend=n,address=127.0.0.1:56732
Begin MonoManager ReloadAssembly
Registering precompiled unity dll's ...
Register platform support module: /Applications/2020.3.7f1/PlaybackEngines/WebGLSupport/UnityEditor.WebGL.Extensions.dll
Register platform support module: /Applications/2020.3.7f1/Unity.app/Contents/PlaybackEngines/MacStandaloneSupport/UnityEditor.OSXStandalone.Extensions.dll
Registered in 0.001395 seconds.
Native extension for OSXStandalone target not found
Native extension for WebGL target not found
Refreshing native plugins compatible for Editor in 34.32 ms, found 2 plugins.
Preloading 0 native plugins for Editor in 0.00 ms.
Mono: successfully reloaded assembly
- Completed reload, in  1.925 seconds
Platform modules already initialized, skipping
Registering precompiled user dll's ...
Registered in 0.001445 seconds.
Begin MonoManager ReloadAssembly
Native extension for OSXStandalone target not found
Native extension for WebGL target not found
Refreshing native plugins compatible for Editor in 31.67 ms, found 2 plugins.
Preloading 0 native plugins for Editor in 0.00 ms.
Mono: successfully reloaded assembly
- Completed reload, in  1.855 seconds
Platform modules already initialized, skipping
========================================================================
Worker process is ready to serve import requests
Launching external process: /Applications/2020.3.7f1/Unity.app/Contents/Tools/UnityShaderCompiler
Launched and connected shader compiler UnityShaderCompiler after 0.02 seconds
Refreshing native plugins compatible for Editor in 0.28 ms, found 2 plugins.
Preloading 0 native plugins for Editor in 0.00 ms.
Unloading 1809 Unused Serialized files (Serialized files now loaded: 0)
System memory in use before: 142.6 MB.
System memory in use after: 142.6 MB.

Unloading 24 unused Assets to reduce memory usage. Loaded Objects now: 2251.
Total: 1.484417 ms (FindLiveObjects: 0.155042 ms CreateObjectMapping: 0.036625 ms MarkObjects: 1.167041 ms  DeleteObjects: 0.125000 ms)

========================================================================
Received Import Request.
  path: Assets/NewBehaviourScript.cs
  artifactKey: Guid(4fe74d73de50643e6a40552cc7da7b69) Importer(815301076,1909f56bfc062723c751e8b465ee728b)
Start importing Assets/NewBehaviourScript.cs using Guid(4fe74d73de50643e6a40552cc7da7b69) Importer(815301076,1909f56bfc062723c751e8b465ee728b)  -> (artifact id: '20cd9c6b28a46f19e1bc4119eb854393') in 0.559829 seconds
  Import took 0.562644 seconds .

========================================================================
Received Prepare
Registering precompiled user dll's ...
Registered in 0.000683 seconds.
Begin MonoManager ReloadAssembly
Native extension for OSXStandalone target not found
Native extension for WebGL target not found
Refreshing native plugins compatible for Editor in 0.31 ms, found 2 plugins.
Preloading 0 native plugins for Editor in 0.00 ms.
Mono: successfully reloaded assembly
- Completed reload, in  1.835 seconds
Platform modules already initialized, skipping
Refreshing native plugins compatible for Editor in 0.25 ms, found 2 plugins.
Preloading 0 native plugins for Editor in 0.00 ms.
Unloading 1804 Unused Serialized files (Serialized files now loaded: 0)
System memory in use before: 147.1 MB.
System memory in use after: 147.1 MB.

Unloading 12 unused Assets to reduce memory usage. Loaded Objects now: 2255.
Total: 1.345791 ms (FindLiveObjects: 0.112375 ms CreateObjectMapping: 0.034084 ms MarkObjects: 1.106625 ms  DeleteObjects: 0.092041 ms)

========================================================================
Received Import Request.
  Time since last request: 39.898896 seconds.
  path: Assets
  artifactKey: Guid(00000000000000001000000000000000) Importer(815301076,1909f56bfc062723c751e8b465ee728b)
Start importing Assets using Guid(00000000000000001000000000000000) Importer(815301076,1909f56bfc062723c751e8b465ee728b)  -> (artifact id: '5f6a1853b736837ecfb0820a881449cb') in 0.004328 seconds
  Import took 0.006226 seconds .

========================================================================
Received Import Request.
  Time since last request: 27.796575 seconds.
  path: Assets/falcon movement.cs
  artifactKey: Guid(4fe74d73de50643e6a40552cc7da7b69) Importer(815301076,1909f56bfc062723c751e8b465ee728b)
Start importing Assets/falcon movement.cs using Guid(4fe74d73de50643e6a40552cc7da7b69) Importer(815301076,1909f56bfc062723c751e8b465ee728b)  -> (artifact id: 'e6b0a6a8561077feff10348be147667b') in 0.002358 seconds
  Import took 0.004832 seconds .

========================================================================
Received Prepare
Registering precompiled user dll's ...
Registered in 0.000555 seconds.
Begin MonoManager ReloadAssembly
Native extension for OSXStandalone target not found
Native extension for WebGL target not found
Refreshing native plugins compatible for Editor in 0.30 ms, found 2 plugins.
Preloading 0 native plugins for Editor in 0.00 ms.
Mono: successfully reloaded assembly
- Completed reload, in  1.792 seconds
Platform modules already initialized, skipping
Refreshing native plugins compatible for Editor in 0.23 ms, found 2 plugins.
Preloading 0 native plugins for Editor in 0.00 ms.
Unloading 1804 Unused Serialized files (Serialized files now loaded: 0)
System memory in use before: 147.3 MB.
System memory in use after: 147.3 MB.

Unloading 12 unused Assets to reduce memory usage. Loaded Objects now: 2259.
Total: 1.413000 ms (FindLiveObjects: 0.153291 ms CreateObjectMapping: 0.034709 ms MarkObjects: 1.137083 ms  DeleteObjects: 0.087125 ms)

========================================================================
Received Prepare
Registering precompiled user dll's ...
Registered in 0.000728 seconds.
Begin MonoManager ReloadAssembly
Native extension for OSXStandalone target not found
Native extension for WebGL target not found
Refreshing native plugins compatible for Editor in 0.31 ms, found 2 plugins.
Preloading 0 native plugins for Editor in 0.00 ms.
Mono: successfully reloaded assembly
- Completed reload, in  1.942 seconds
Platform modules already initialized, skipping
Refreshing native plugins compatible for Editor in 0.22 ms, found 2 plugins.
Preloading 0 native plugins for Editor in 0.00 ms.
Unloading 1804 Unused Serialized files (Serialized files now loaded: 0)
System memory in use before: 147.5 MB.
System memory in use after: 147.5 MB.

Unloading 12 unused Assets to reduce memory usage. Loaded Objects now: 2263.
Total: 1.938291 ms (FindLiveObjects: 0.135417 ms CreateObjectMapping: 0.036917 ms MarkObjects: 1.650250 ms  DeleteObjects: 0.114667 ms)

========================================================================
Received Import Request.
  Time since last request: 2685.210043 seconds.
  path: Assets/falcon movement.cs
  artifactKey: Guid(4fe74d73de50643e6a40552cc7da7b69) Importer(815301076,1909f56bfc062723c751e8b465ee728b)
Start importing Assets/falcon movement.cs using Guid(4fe74d73de50643e6a40552cc7da7b69) Importer(815301076,1909f56bfc062723c751e8b465ee728b)  -> (artifact id: '6e7d4e480c11986f95eb49a08c4144ba') in 0.007735 seconds
  Import took 0.010087 seconds .

========================================================================
Received Import Request.
  Time since last request: 0.024466 seconds.
  path: Assets/falcon movement.cs
  artifactKey: Guid(4fe74d73de50643e6a40552cc7da7b69) Importer(815301076,1909f56bfc062723c751e8b465ee728b)
Start importing Assets/falcon movement.cs using Guid(4fe74d73de50643e6a40552cc7da7b69) Importer(815301076,1909f56bfc062723c751e8b465ee728b)  -> (artifact id: '6e7d4e480c11986f95eb49a08c4144ba') in 0.000925 seconds
  Import took 0.003338 seconds .

========================================================================
Received Prepare
Registering precompiled user dll's ...
Registered in 0.000567 seconds.
Begin MonoManager ReloadAssembly
Native extension for OSXStandalone target not found
Native extension for WebGL target not found
Refreshing native plugins compatible for Editor in 0.48 ms, found 2 plugins.
Preloading 0 native plugins for Editor in 0.00 ms.
Mono: successfully reloaded assembly
- Completed reload, in  1.812 seconds
Platform modules already initialized, skipping
Refreshing native plugins compatible for Editor in 0.29 ms, found 2 plugins.
Preloading 0 native plugins for Editor in 0.00 ms.
Unloading 1804 Unused Serialized files (Serialized files now loaded: 0)
System memory in use before: 147.7 MB.
System memory in use after: 147.7 MB.

Unloading 12 unused Assets to reduce memory usage. Loaded Objects now: 2267.
Total: 1.418042 ms (FindLiveObjects: 0.124375 ms CreateObjectMapping: 0.037500 ms MarkObjects: 1.163166 ms  DeleteObjects: 0.091959 ms)

========================================================================
Received Prepare
Registering precompiled user dll's ...
Registered in 0.000527 seconds.
Begin MonoManager ReloadAssembly
Native extension for OSXStandalone target not found
Native extension for WebGL target not found
Refreshing native plugins compatible for Editor in 0.30 ms, found 2 plugins.
Preloading 0 native plugins for Editor in 0.00 ms.
Mono: successfully reloaded assembly
- Completed reload, in  1.800 seconds
Platform modules already initialized, skipping
Refreshing native plugins compatible for Editor in 0.23 ms, found 2 plugins.
Preloading 0 native plugins for Editor in 0.00 ms.
Unloading 1804 Unused Serialized files (Serialized files now loaded: 0)
System memory in use before: 147.9 MB.
System memory in use after: 147.9 MB.

Unloading 12 unused Assets to reduce memory usage. Loaded Objects now: 2271.
Total: 1.391417 ms (FindLiveObjects: 0.116459 ms CreateObjectMapping: 0.035666 ms MarkObjects: 1.143542 ms  DeleteObjects: 0.094667 ms)

========================================================================
Received Prepare
Registering precompiled user dll's ...
Registered in 0.000901 seconds.
Begin MonoManager ReloadAssembly
Native extension for OSXStandalone target not found
Native extension for WebGL target not found
Refreshing native plugins compatible for Editor in 0.32 ms, found 2 plugins.
Preloading 0 native plugins for Editor in 0.00 ms.
Mono: successfully reloaded assembly
- Completed reload, in  1.851 seconds
Platform modules already initialized, skipping
Refreshing native plugins compatible for Editor in 0.28 ms, found 2 plugins.
Preloading 0 native plugins for Editor in 0.00 ms.
Unloading 1804 Unused Serialized files (Serialized files now loaded: 0)
System memory in use before: 148.1 MB.
System memory in use after: 148.0 MB.

Unloading 12 unused Assets to reduce memory usage. Loaded Objects now: 2275.
Total: 1.401416 ms (FindLiveObjects: 0.120542 ms CreateObjectMapping: 0.035625 ms MarkObjects: 1.150000 ms  DeleteObjects: 0.094167 ms)

========================================================================
Received Import Request.
  Time since last request: 74.465435 seconds.
  path: Assets/MILLENIUM FALCON.cs
  artifactKey: Guid(4fe74d73de50643e6a40552cc7da7b69) Importer(815301076,1909f56bfc062723c751e8b465ee728b)
Start importing Assets/MILLENIUM FALCON.cs using Guid(4fe74d73de50643e6a40552cc7da7b69) Importer(815301076,1909f56bfc062723c751e8b465ee728b)  -> (artifact id: '02843290c3f61f8b4564941806519487') in 0.004881 seconds
  Import took 0.007201 seconds .

========================================================================
Received Prepare
Registering precompiled user dll's ...
Registered in 0.000588 seconds.
Begin MonoManager ReloadAssembly
Native extension for OSXStandalone target not found
Native extension for WebGL target not found
Refreshing native plugins compatible for Editor in 0.36 ms, found 2 plugins.
Preloading 0 native plugins for Editor in 0.00 ms.
Mono: successfully reloaded assembly
- Completed reload, in  1.768 seconds
Platform modules already initialized, skipping
Refreshing native plugins compatible for Editor in 0.27 ms, found 2 plugins.
Preloading 0 native plugins for Editor in 0.00 ms.
Unloading 1804 Unused Serialized files (Serialized files now loaded: 0)
System memory in use before: 148.3 MB.
System memory in use after: 148.3 MB.

Unloading 12 unused Assets to reduce memory usage. Loaded Objects now: 2279.
Total: 1.460083 ms (FindLiveObjects: 0.134292 ms CreateObjectMapping: 0.041084 ms MarkObjects: 1.187458 ms  DeleteObjects: 0.096166 ms)

========================================================================
Received Prepare
Registering precompiled user dll's ...
Registered in 0.001112 seconds.
Begin MonoManager ReloadAssembly
Native extension for OSXStandalone target not found
Native extension for WebGL target not found
Refreshing native plugins compatible for Editor in 0.29 ms, found 2 plugins.
Preloading 0 native plugins for Editor in 0.00 ms.
Mono: successfully reloaded assembly
- Completed reload, in  1.843 seconds
Platform modules already initialized, skipping
Refreshing native plugins compatible for Editor in 0.27 ms, found 2 plugins.
Preloading 0 native plugins for Editor in 0.00 ms.
Unloading 1804 Unused Serialized files (Serialized files now loaded: 0)
System memory in use before: 148.5 MB.
System memory in use after: 148.4 MB.

Unloading 12 unused Assets to reduce memory usage. Loaded Objects now: 2283.
Total: 1.458083 ms (FindLiveObjects: 0.135584 ms CreateObjectMapping: 0.035459 ms MarkObjects: 1.191000 ms  DeleteObjects: 0.095208 ms)

========================================================================
Received Import Request.
  Time since last request: 377.461637 seconds.
  path: Assets/milfalconmove.cs
  artifactKey: Guid(4fe74d73de50643e6a40552cc7da7b69) Importer(815301076,1909f56bfc062723c751e8b465ee728b)
Start importing Assets/milfalconmove.cs using Guid(4fe74d73de50643e6a40552cc7da7b69) Importer(815301076,1909f56bfc062723c751e8b465ee728b)  -> (artifact id: 'ff34f9a52938dc3e6f35d7df0b56808e') in 0.019739 seconds
  Import took 0.030060 seconds .

========================================================================
Received Prepare
Registering precompiled user dll's ...
Registered in 0.000996 seconds.
Begin MonoManager ReloadAssembly
Native extension for OSXStandalone target not found
Native extension for WebGL target not found
Refreshing native plugins compatible for Editor in 0.30 ms, found 2 plugins.
Preloading 0 native plugins for Editor in 0.00 ms.
Mono: successfully reloaded assembly
- Completed reload, in  1.828 seconds
Platform modules already initialized, skipping
Refreshing native plugins compatible for Editor in 0.19 ms, found 2 plugins.
Preloading 0 native plugins for Editor in 0.00 ms.
Unloading 1804 Unused Serialized files (Serialized files now loaded: 0)
System memory in use before: 148.7 MB.
System memory in use after: 148.7 MB.

Unloading 12 unused Assets to reduce memory usage. Loaded Objects now: 2287.
Total: 1.444250 ms (FindLiveObjects: 0.125416 ms CreateObjectMapping: 0.035333 ms MarkObjects: 1.193417 ms  DeleteObjects: 0.089208 ms)

========================================================================
Received Prepare
Registering precompiled user dll's ...
Registered in 0.000927 seconds.
Begin MonoManager ReloadAssembly
Native extension for OSXStandalone target not found
Native extension for WebGL target not found
Refreshing native plugins compatible for Editor in 0.30 ms, found 2 plugins.
Preloading 0 native plugins for Editor in 0.00 ms.
Mono: successfully reloaded assembly
- Completed reload, in  1.917 seconds
Platform modules already initialized, skipping
Refreshing native plugins compatible for Editor in 0.29 ms, found 2 plugins.
Preloading 0 native plugins for Editor in 0.00 ms.
Unloading 1804 Unused Serialized files (Serialized files now loaded: 0)
System memory in use before: 148.9 MB.
System memory in use after: 148.8 MB.

Unloading 12 unused Assets to reduce memory usage. Loaded Objects now: 2291.
Total: 4.184875 ms (FindLiveObjects: 0.175959 ms CreateObjectMapping: 0.060250 ms MarkObjects: 3.711292 ms  DeleteObjects: 0.235833 ms)

========================================================================
Received Prepare
Registering precompiled user dll's ...
Registered in 0.001004 seconds.
Begin MonoManager ReloadAssembly
Native extension for OSXStandalone target not found
Native extension for WebGL target not found
Refreshing native plugins compatible for Editor in 0.31 ms, found 2 plugins.
Preloading 0 native plugins for Editor in 0.00 ms.
Mono: successfully reloaded assembly
- Completed reload, in  1.902 seconds
Platform modules already initialized, skipping
Refreshing native plugins compatible for Editor in 0.29 ms, found 2 plugins.
Preloading 0 native plugins for Editor in 0.00 ms.
Unloading 1804 Unused Serialized files (Serialized files now loaded: 0)
System memory in use before: 149.1 MB.
System memory in use after: 149.1 MB.

Unloading 12 unused Assets to reduce memory usage. Loaded Objects now: 2295.
Total: 1.516166 ms (FindLiveObjects: 0.174167 ms CreateObjectMapping: 0.037542 ms MarkObjects: 1.194458 ms  DeleteObjects: 0.109042 ms)

========================================================================
Received Prepare
Registering precompiled user dll's ...
Registered in 0.001069 seconds.
Begin MonoManager ReloadAssembly
Native extension for OSXStandalone target not found
Native extension for WebGL target not found
Refreshing native plugins compatible for Editor in 0.32 ms, found 2 plugins.
Preloading 0 native plugins for Editor in 0.00 ms.
Mono: successfully reloaded assembly
- Completed reload, in  1.835 seconds
Platform modules already initialized, skipping
Refreshing native plugins compatible for Editor in 0.20 ms, found 2 plugins.
Preloading 0 native plugins for Editor in 0.00 ms.
Unloading 1804 Unused Serialized files (Serialized files now loaded: 0)
System memory in use before: 149.4 MB.
System memory in use after: 149.3 MB.

Unloading 12 unused Assets to reduce memory usage. Loaded Objects now: 2299.
Total: 1.419458 ms (FindLiveObjects: 0.114333 ms CreateObjectMapping: 0.035625 ms MarkObjects: 1.175667 ms  DeleteObjects: 0.092792 ms)

